[03:47:02] INICIANDO ROBÔ SIPII v11 - SIPII + ASSET JSON
[03:47:02] ETAPA 1 — Coletando URLs dinâmicas (12 páginas CAIXA)...
[03:47:04]   [CAIXA] renda-fixa → +34 links (34 total)
[03:47:06]   [CAIXA] referenciados → +4 links (38 total)
[03:47:07]   [CAIXA] fundo-simples → +2 links (40 total)
[03:47:09]   [CAIXA] curto-prazo → +1 links (41 total)
[03:47:10]   [CAIXA] multimercado → +19 links (60 total)
[03:47:12]   [CAIXA] cambiais → +1 links (61 total)
[03:47:13]   [CAIXA] fundos-de-acoes → +10 links (71 total)
[03:47:14]   [CAIXA] fundos-de-indices → +2 links (73 total)
[03:47:16]   [CAIXA] renda-fixa → +8 links (81 total)
[03:47:17]   [CAIXA] empresa → +5 links (86 total)
[03:47:19]   [CAIXA] fmp-fgts → HTTP 404
[03:47:19]   [CAIXA] rpps → +8 links (94 total)
[03:47:20] [CAIXA] Total URLs dinâmicas: 94
[03:47:20] ETAPA 2 — Coletando dados do SIPII...
[03:47:28] [PF] Abrindo SIPII...
[03:47:46]   [PF] RENDA FIXA SIMPLES: 3 fundos.
[03:48:01]   [PF] RENDA FIXA: 39 fundos.
[03:48:07]   [PF] RENDA FIXA REFERENCIADO: 10 fundos.
[03:48:10]   [PF] RENDA FIXA CURTO PRAZO: 1 fundos.
[03:48:22]   [PF] MULTIMERCADO: 30 fundos.
[03:48:25]   [PF] CAMBIAL: 1 fundos.
[03:48:37]   [PF] ACOES: 29 fundos.
[03:48:40]   [PF] FUNDO DE INDICE: 1 fundos.
[03:48:45]   [PF] FUNDOS MUTUOS DE PRIVATIZACAO: 9 fundos.
[03:48:46] [PJ] Abrindo SIPII...
[03:49:04]   [PJ] RENDA FIXA SIMPLES: 5 fundos.
[03:49:19]   [PJ] RENDA FIXA: 38 fundos.
[03:49:23]   [PJ] RENDA FIXA REFERENCIADO: 7 fundos.
[03:49:27]   [PJ] RENDA FIXA CURTO PRAZO: 2 fundos.
[03:49:38]   [PJ] MULTIMERCADO: 27 fundos.
[03:49:41]   [PJ] CAMBIAL: 1 fundos.
[03:49:52]   [PJ] ACOES: 28 fundos.
[03:49:52] [GOV] Abrindo SIPII...
[03:50:10]   [GOV] RENDA FIXA: 2 fundos.
[03:50:13]   [GOV] RENDA FIXA REFERENCIADO: 3 fundos.
[03:50:17]   [GOV] RENDA FIXA CURTO PRAZO: 3 fundos.
[03:50:21]   [GOV] MULTIMERCADO: 6 fundos.
[03:50:25]   [GOV] ACOES: 4 fundos.
[03:50:25] [RPPS] Abrindo SIPII...
[03:50:53]   [RPPS] RENDA FIXA: 19 fundos.
[03:50:57]   [RPPS] RENDA FIXA REFERENCIADO: 4 fundos.
[03:51:04]   [RPPS] MULTIMERCADO: 14 fundos.
[03:51:11]   [RPPS] ACOES: 14 fundos.
[03:51:11] [TODOS] Abrindo SIPII...
[03:51:27]   [TODOS] RENDA FIXA SIMPLES: 2 fundos.
[03:51:42]   [TODOS] RENDA FIXA: 42 fundos.
[03:51:47]   [TODOS] RENDA FIXA REFERENCIADO: 8 fundos.
[03:51:51]   [TODOS] RENDA FIXA CURTO PRAZO: 3 fundos.
[03:51:58]   [TODOS] MULTIMERCADO: 14 fundos.
[03:52:01]   [TODOS] CAMBIAL: 1 fundos.
[03:52:11]   [TODOS] ACOES: 25 fundos.
[03:52:14]   [TODOS] FUNDO DE INDICE: 1 fundos.
[03:52:14] ETAPA 3 — Associando URLs (estáticas + dinâmicas)...
[03:52:14]   Dicionário estático : 116 entradas
[03:52:14]   URLs encontradas    : 148/171
[03:52:14]   Sem URL             : 23/171
[03:52:14]   Fundos SEM URL:
[03:52:14]     - CAIXA FIC FIF EXCLUSIVO FUNC RF CREDITO PRIVADO LP RESP LTDA
[03:52:14]     - CAIXA EXPERT VOX DESENV SUSTENTAVEL IS RF CRED PRIV LP - RESP LTDA (1) (2)
[03:52:14]     - CAIXA EXPERT ABSOLUTE CRETA FIC FIF RF CRED PRIV LP - RESP LTDA (1)
[03:52:14]     - CAIXA EXPERT VINLAND DEB IN INFRA RF CRED PRIV LP RESP LTDA (1) (2) (3)
[03:52:14]     - CAIXA SIGMA FUNCIONARIOS FIC FIF RF REF DI LP - RESP LTDA (2) (3)
[03:52:14]     - CAIXA CARTEIRA QUANT DUO FIC FIF MM LP RESP LTDA (1) (2) (3)
[03:52:14]     - CAIXA CARTEIRA QUANT QUALI FIC FIF MM LP RESP LTDA (1) (2) (3)
[03:52:14]     - CAIXA CARTEIRA QUANT UNO FIC FIF MM LP RESP LTDA (1) (2) (3)
[03:52:14]     - CAIXA FIC FIF FUNCIONARIOS ESTRATEGIA LIVRE MULTIMERCADO LP RESP LTDA (1)
[03:52:14]     - CAIXA HASHDEX NASDAQ CRYPTO INDEX FIC FIF MM RESP LTDA (1) (2)
[03:52:14]     - CAIXA FIC FIM CAPITAL PROTEGIDO CICLICO II LP - RL (1)
[03:52:14]     - CAIXA ATENA FIC FIF AÇÕES FUNCIONÁRIOS LIVRE QUANT RESP LTDA
[03:52:14]     - CAIXA ATENA FIC FIF AÇÕES LIVRE QUANT RESP LTDA
[03:52:14]     - CAIXA FMP-FGTS ELETROBRAS MIGRACAO
[03:52:14]     - CAIXA FMP-FGTS ELETROBRAS RESP LTDA
[03:52:14]     - CAIXA FMP-FGTS PETROBRÁS IV RESP LTDA
[03:52:14]     - CAIXA FMP-FGTS VALE RIO DOCE II RESP LTDA
[03:52:14]     - CAIXA FMP-FGTS CL ABSOLUTO RESP LTDA
[03:52:14]     - CAIXA FMP-FGTS VALE RIO DOCE MIGRAÇÃO RESP LTDA
[03:52:14]     - CAIXA FMP-FGTS PETROBRÁS II RESP LTDA
[03:52:14]     - CAIXA FMP-FGTS VALE RIO DOCE I RESP LTDA
[03:52:14]     - CAIXA FMP-FGTS PETROBRÁS III RESP LTDA
[03:52:14]     - CAIXA ATENA FIC FIF AÇÕES BRASIL LIVRE QUANT RESP LTDA
[03:52:14] ETAPA 4 — Baixando JSON da CAIXA Asset...
[03:52:16]   JSON Asset salvo: /home/runner/work/catalogo-fundos-caixa-v2/catalogo-fundos-caixa-v2/data/fundos_asset.json
[03:52:16]   Histórico JSON salvo: /home/runner/work/catalogo-fundos-caixa-v2/catalogo-fundos-caixa-v2/historico/json/fundos_asset_20260515.json
[03:52:16]   Fundos no JSON Asset: 196
[03:52:16]   Asset matches encontrados: 168/171
[03:52:16]   Asset sem match: 3/171
[03:52:16] CSV salvo: /home/runner/work/catalogo-fundos-caixa-v2/catalogo-fundos-caixa-v2/dados_atuais.csv
[03:52:16] Histórico CSV salvo: /home/runner/work/catalogo-fundos-caixa-v2/catalogo-fundos-caixa-v2/sipii_caixa_20260515.csv
[03:52:17] Excel salvo: /home/runner/work/catalogo-fundos-caixa-v2/catalogo-fundos-caixa-v2/sipii_caixa_20260515.xlsx
[03:52:17] JSON unificado salvo: /home/runner/work/catalogo-fundos-caixa-v2/catalogo-fundos-caixa-v2/data/fundos_unificado.json
[03:52:17] Histórico JSON unificado salvo: /home/runner/work/catalogo-fundos-caixa-v2/catalogo-fundos-caixa-v2/historico/json/fundos_unificado_20260515.json
[03:52:17] SUCESSO: 171 fundos consolidados e enriquecidos salvos.
[14:45:08] INICIANDO ROBÔ SIPII v11 - SIPII + ASSET JSON
[14:45:08] ETAPA 1 — Coletando URLs dinâmicas (12 páginas CAIXA)...
[14:45:12]   [CAIXA] renda-fixa → +34 links (34 total)
[14:45:13]   [CAIXA] referenciados → +4 links (38 total)
[14:45:15]   [CAIXA] fundo-simples → +2 links (40 total)
[14:45:16]   [CAIXA] curto-prazo → +1 links (41 total)
[14:45:18]   [CAIXA] multimercado → +19 links (60 total)
[14:45:20]   [CAIXA] cambiais → +1 links (61 total)
[14:45:22]   [CAIXA] fundos-de-acoes → +10 links (71 total)
[14:45:23]   [CAIXA] fundos-de-indices → +2 links (73 total)
[14:45:25]   [CAIXA] renda-fixa → +8 links (81 total)
[14:45:26]   [CAIXA] empresa → +5 links (86 total)
[14:45:28]   [CAIXA] fmp-fgts → HTTP 404
[14:45:28]   [CAIXA] rpps → +8 links (94 total)
[14:45:29] [CAIXA] Total URLs dinâmicas: 94
[14:45:29] ETAPA 2 — Coletando dados do SIPII...
[14:45:34] [PF] Abrindo SIPII...
[14:45:53]   [PF] RENDA FIXA SIMPLES: 3 fundos.
[14:46:09]   [PF] RENDA FIXA: 39 fundos.
[14:46:14]   [PF] RENDA FIXA REFERENCIADO: 10 fundos.
[14:46:18]   [PF] RENDA FIXA CURTO PRAZO: 1 fundos.
[14:46:30]   [PF] MULTIMERCADO: 30 fundos.
[14:46:34]   [PF] CAMBIAL: 1 fundos.
[14:46:46]   [PF] ACOES: 29 fundos.
[14:46:49]   [PF] FUNDO DE INDICE: 1 fundos.
[14:46:55]   [PF] FUNDOS MUTUOS DE PRIVATIZACAO: 9 fundos.
[14:46:55] [PJ] Abrindo SIPII...
[14:47:16]   [PJ] RENDA FIXA SIMPLES: 5 fundos.
[14:47:31]   [PJ] RENDA FIXA: 38 fundos.
[14:47:36]   [PJ] RENDA FIXA REFERENCIADO: 7 fundos.
[14:47:40]   [PJ] RENDA FIXA CURTO PRAZO: 2 fundos.
[14:47:51]   [PJ] MULTIMERCADO: 27 fundos.
[14:47:55]   [PJ] CAMBIAL: 1 fundos.
[14:48:07]   [PJ] ACOES: 28 fundos.
[14:48:08] [GOV] Abrindo SIPII...
[14:48:26]   [GOV] RENDA FIXA: 2 fundos.
[14:48:29]   [GOV] RENDA FIXA REFERENCIADO: 3 fundos.
[14:48:33]   [GOV] RENDA FIXA CURTO PRAZO: 3 fundos.
[14:48:38]   [GOV] MULTIMERCADO: 6 fundos.
[14:48:42]   [GOV] ACOES: 4 fundos.
[14:48:42] [RPPS] Abrindo SIPII...
[14:49:12]   [RPPS] RENDA FIXA: 19 fundos.
[14:49:16]   [RPPS] RENDA FIXA REFERENCIADO: 4 fundos.
[14:49:24]   [RPPS] MULTIMERCADO: 14 fundos.
[14:49:31]   [RPPS] ACOES: 14 fundos.
[14:49:31] [TODOS] Abrindo SIPII...
[14:49:50]   [TODOS] RENDA FIXA SIMPLES: 2 fundos.
[14:50:07]   [TODOS] RENDA FIXA: 42 fundos.
[14:50:12]   [TODOS] RENDA FIXA REFERENCIADO: 8 fundos.
[14:50:16]   [TODOS] RENDA FIXA CURTO PRAZO: 3 fundos.
[14:50:23]   [TODOS] MULTIMERCADO: 14 fundos.
[14:50:26]   [TODOS] CAMBIAL: 1 fundos.
[14:50:37]   [TODOS] ACOES: 25 fundos.
[14:50:41]   [TODOS] FUNDO DE INDICE: 1 fundos.
[14:50:41] ETAPA 3 — Associando URLs (estáticas + dinâmicas)...
[14:50:41]   Dicionário estático : 116 entradas
[14:50:41]   URLs encontradas    : 148/171
[14:50:41]   Sem URL             : 23/171
[14:50:41]   Fundos SEM URL:
[14:50:41]     - CAIXA FIC FIF EXCLUSIVO FUNC RF CREDITO PRIVADO LP RESP LTDA
[14:50:41]     - CAIXA EXPERT VOX DESENV SUSTENTAVEL IS RF CRED PRIV LP - RESP LTDA (2)
[14:50:41]     - CAIXA EXPERT ABSOLUTE CRETA FIC FIF RF CRED PRIV LP - RESP LTDA
[14:50:41]     - CAIXA EXPERT VINLAND DEB IN INFRA RF CRED PRIV LP RESP LTDA (2) (3)
[14:50:41]     - CAIXA SIGMA FUNCIONARIOS FIC FIF RF REF DI LP - RESP LTDA (2) (3)
[14:50:41]     - CAIXA CARTEIRA QUANT DUO FIC FIF MM LP RESP LTDA (2) (3)
[14:50:41]     - CAIXA CARTEIRA QUANT QUALI FIC FIF MM LP RESP LTDA (2) (3)
[14:50:41]     - CAIXA CARTEIRA QUANT UNO FIC FIF MM LP RESP LTDA (2) (3)
[14:50:41]     - CAIXA FIC FIF FUNCIONARIOS ESTRATEGIA LIVRE MULTIMERCADO LP RESP LTDA
[14:50:41]     - CAIXA HASHDEX NASDAQ CRYPTO INDEX FIC FIF MM RESP LTDA (2)
[14:50:41]     - CAIXA FIC FIM CAPITAL PROTEGIDO CICLICO II LP - RL
[14:50:41]     - CAIXA ATENA FIC FIF AÇÕES FUNCIONÁRIOS LIVRE QUANT RESP LTDA
[14:50:41]     - CAIXA ATENA FIC FIF AÇÕES LIVRE QUANT RESP LTDA
[14:50:41]     - CAIXA FMP-FGTS ELETROBRAS MIGRACAO
[14:50:41]     - CAIXA FMP-FGTS ELETROBRAS RESP LTDA
[14:50:41]     - CAIXA FMP-FGTS PETROBRÁS IV RESP LTDA
[14:50:41]     - CAIXA FMP-FGTS VALE RIO DOCE II RESP LTDA
[14:50:41]     - CAIXA FMP-FGTS CL ABSOLUTO RESP LTDA
[14:50:41]     - CAIXA FMP-FGTS VALE RIO DOCE MIGRAÇÃO RESP LTDA
[14:50:41]     - CAIXA FMP-FGTS PETROBRÁS II RESP LTDA
[14:50:41]     - CAIXA FMP-FGTS VALE RIO DOCE I RESP LTDA
[14:50:41]     - CAIXA FMP-FGTS PETROBRÁS III RESP LTDA
[14:50:41]     - CAIXA ATENA FIC FIF AÇÕES BRASIL LIVRE QUANT RESP LTDA
[14:50:41] ETAPA 4 — Baixando JSON da CAIXA Asset...
[14:50:46]   JSON Asset salvo: /home/runner/work/catalogo-fundos-caixa-v2/catalogo-fundos-caixa-v2/data/fundos_asset.json
[14:50:46]   Histórico JSON salvo: /home/runner/work/catalogo-fundos-caixa-v2/catalogo-fundos-caixa-v2/historico/json/fundos_asset_20260515.json
[14:50:46]   Fundos no JSON Asset: 196
[14:50:46]   Asset matches encontrados: 168/171
[14:50:46]   Asset sem match: 3/171
[14:50:46] CSV salvo: /home/runner/work/catalogo-fundos-caixa-v2/catalogo-fundos-caixa-v2/dados_atuais.csv
[14:50:46] Histórico CSV salvo: /home/runner/work/catalogo-fundos-caixa-v2/catalogo-fundos-caixa-v2/sipii_caixa_20260515.csv
[14:50:47] Excel salvo: /home/runner/work/catalogo-fundos-caixa-v2/catalogo-fundos-caixa-v2/sipii_caixa_20260515.xlsx
[14:50:47] JSON unificado salvo: /home/runner/work/catalogo-fundos-caixa-v2/catalogo-fundos-caixa-v2/data/fundos_unificado.json
[14:50:47] Histórico JSON unificado salvo: /home/runner/work/catalogo-fundos-caixa-v2/catalogo-fundos-caixa-v2/historico/json/fundos_unificado_20260515.json
[14:50:47] SUCESSO: 171 fundos consolidados e enriquecidos salvos.
[16:01:39] INICIANDO ROBÔ SIPII v11 - SIPII + ASSET JSON
[16:01:39] ETAPA 1 — Coletando URLs dinâmicas (12 páginas CAIXA)...
[16:01:42]   [CAIXA] renda-fixa → +34 links (34 total)
[16:01:43]   [CAIXA] referenciados → +4 links (38 total)
[16:01:45]   [CAIXA] fundo-simples → +2 links (40 total)
[16:01:47]   [CAIXA] curto-prazo → +1 links (41 total)
[16:01:48]   [CAIXA] multimercado → +19 links (60 total)
[16:01:50]   [CAIXA] cambiais → +1 links (61 total)
[16:01:52]   [CAIXA] fundos-de-acoes → +10 links (71 total)
[16:01:53]   [CAIXA] fundos-de-indices → +2 links (73 total)
[16:01:55]   [CAIXA] renda-fixa → +8 links (81 total)
[16:01:56]   [CAIXA] empresa → +5 links (86 total)
[16:01:58]   [CAIXA] fmp-fgts → HTTP 404
[16:01:59]   [CAIXA] rpps → +8 links (94 total)
[16:02:00] [CAIXA] Total URLs dinâmicas: 94
[16:02:00] ETAPA 2 — Coletando dados do SIPII...
[16:02:06] [PF] Abrindo SIPII...
[16:02:26]   [PF] RENDA FIXA SIMPLES: 3 fundos.
[16:02:40]   [PF] RENDA FIXA: 39 fundos.
[16:02:46]   [PF] RENDA FIXA REFERENCIADO: 10 fundos.
[16:02:49]   [PF] RENDA FIXA CURTO PRAZO: 1 fundos.
[16:03:01]   [PF] MULTIMERCADO: 30 fundos.
[16:03:04]   [PF] CAMBIAL: 1 fundos.
[16:03:17]   [PF] ACOES: 29 fundos.
[16:03:20]   [PF] FUNDO DE INDICE: 1 fundos.
[16:03:26]   [PF] FUNDOS MUTUOS DE PRIVATIZACAO: 9 fundos.
[16:03:26] [PJ] Abrindo SIPII...
[16:03:48]   [PJ] RENDA FIXA SIMPLES: 5 fundos.
[16:04:02]   [PJ] RENDA FIXA: 38 fundos.
[16:04:07]   [PJ] RENDA FIXA REFERENCIADO: 7 fundos.
[16:04:10]   [PJ] RENDA FIXA CURTO PRAZO: 2 fundos.
[16:04:21]   [PJ] MULTIMERCADO: 27 fundos.
[16:04:24]   [PJ] CAMBIAL: 1 fundos.
[16:04:35]   [PJ] ACOES: 28 fundos.
[16:04:36] [GOV] Abrindo SIPII...
[16:04:54]   [GOV] RENDA FIXA: 2 fundos.
[16:04:57]   [GOV] RENDA FIXA REFERENCIADO: 3 fundos.
[16:05:01]   [GOV] RENDA FIXA CURTO PRAZO: 3 fundos.
[16:05:05]   [GOV] MULTIMERCADO: 6 fundos.
[16:05:09]   [GOV] ACOES: 4 fundos.
[16:05:09] [RPPS] Abrindo SIPII...
[16:05:38]   [RPPS] RENDA FIXA: 19 fundos.
[16:05:42]   [RPPS] RENDA FIXA REFERENCIADO: 4 fundos.
[16:05:49]   [RPPS] MULTIMERCADO: 14 fundos.
[16:05:56]   [RPPS] ACOES: 14 fundos.
[16:05:56] [TODOS] Abrindo SIPII...
[16:06:15]   [TODOS] RENDA FIXA SIMPLES: 2 fundos.
[16:06:31]   [TODOS] RENDA FIXA: 42 fundos.
[16:06:36]   [TODOS] RENDA FIXA REFERENCIADO: 8 fundos.
[16:06:40]   [TODOS] RENDA FIXA CURTO PRAZO: 3 fundos.
[16:06:47]   [TODOS] MULTIMERCADO: 14 fundos.
[16:06:50]   [TODOS] CAMBIAL: 1 fundos.
[16:07:02]   [TODOS] ACOES: 25 fundos.
[16:07:05]   [TODOS] FUNDO DE INDICE: 1 fundos.
[16:07:05] ETAPA 3 — Associando URLs (estáticas + dinâmicas)...
[16:07:05]   Dicionário estático : 116 entradas
[16:07:05]   URLs encontradas    : 148/171
[16:07:05]   Sem URL             : 23/171
[16:07:05]   Fundos SEM URL:
[16:07:05]     - CAIXA FIC FIF EXCLUSIVO FUNC RF CREDITO PRIVADO LP RESP LTDA
[16:07:05]     - CAIXA EXPERT VOX DESENV SUSTENTAVEL IS RF CRED PRIV LP - RESP LTDA (2)
[16:07:05]     - CAIXA EXPERT ABSOLUTE CRETA FIC FIF RF CRED PRIV LP - RESP LTDA
[16:07:05]     - CAIXA EXPERT VINLAND DEB IN INFRA RF CRED PRIV LP RESP LTDA (2) (3)
[16:07:05]     - CAIXA SIGMA FUNCIONARIOS FIC FIF RF REF DI LP - RESP LTDA (2) (3)
[16:07:05]     - CAIXA CARTEIRA QUANT DUO FIC FIF MM LP RESP LTDA (2) (3)
[16:07:05]     - CAIXA CARTEIRA QUANT QUALI FIC FIF MM LP RESP LTDA (2) (3)
[16:07:05]     - CAIXA CARTEIRA QUANT UNO FIC FIF MM LP RESP LTDA (2) (3)
[16:07:05]     - CAIXA FIC FIF FUNCIONARIOS ESTRATEGIA LIVRE MULTIMERCADO LP RESP LTDA
[16:07:05]     - CAIXA HASHDEX NASDAQ CRYPTO INDEX FIC FIF MM RESP LTDA (2)
[16:07:05]     - CAIXA FIC FIM CAPITAL PROTEGIDO CICLICO II LP - RL
[16:07:05]     - CAIXA ATENA FIC FIF AÇÕES FUNCIONÁRIOS LIVRE QUANT RESP LTDA
[16:07:05]     - CAIXA ATENA FIC FIF AÇÕES LIVRE QUANT RESP LTDA
[16:07:05]     - CAIXA FMP-FGTS ELETROBRAS MIGRACAO
[16:07:05]     - CAIXA FMP-FGTS ELETROBRAS RESP LTDA
[16:07:05]     - CAIXA FMP-FGTS PETROBRÁS IV RESP LTDA
[16:07:05]     - CAIXA FMP-FGTS VALE RIO DOCE II RESP LTDA
[16:07:05]     - CAIXA FMP-FGTS CL ABSOLUTO RESP LTDA
[16:07:05]     - CAIXA FMP-FGTS VALE RIO DOCE MIGRAÇÃO RESP LTDA
[16:07:05]     - CAIXA FMP-FGTS PETROBRÁS II RESP LTDA
[16:07:05]     - CAIXA FMP-FGTS VALE RIO DOCE I RESP LTDA
[16:07:05]     - CAIXA FMP-FGTS PETROBRÁS III RESP LTDA
[16:07:05]     - CAIXA ATENA FIC FIF AÇÕES BRASIL LIVRE QUANT RESP LTDA
[16:07:05] ETAPA 4 — Baixando JSON da CAIXA Asset...
[16:07:08]   JSON Asset salvo: /home/runner/work/catalogo-fundos-caixa-v2/catalogo-fundos-caixa-v2/data/fundos_asset.json
[16:07:08]   Histórico JSON salvo: /home/runner/work/catalogo-fundos-caixa-v2/catalogo-fundos-caixa-v2/historico/json/fundos_asset_20260518.json
[16:07:08]   Fundos no JSON Asset: 196
[16:07:08]   Asset matches encontrados: 168/171
[16:07:08]   Asset sem match: 3/171
[16:07:08] CSV salvo: /home/runner/work/catalogo-fundos-caixa-v2/catalogo-fundos-caixa-v2/dados_atuais.csv
[16:07:08] Histórico CSV salvo: /home/runner/work/catalogo-fundos-caixa-v2/catalogo-fundos-caixa-v2/sipii_caixa_20260518.csv
[16:07:09] Excel salvo: /home/runner/work/catalogo-fundos-caixa-v2/catalogo-fundos-caixa-v2/sipii_caixa_20260518.xlsx
[16:07:09] JSON unificado salvo: /home/runner/work/catalogo-fundos-caixa-v2/catalogo-fundos-caixa-v2/data/fundos_unificado.json
[16:07:09] Histórico JSON unificado salvo: /home/runner/work/catalogo-fundos-caixa-v2/catalogo-fundos-caixa-v2/historico/json/fundos_unificado_20260518.json
[16:07:09] SUCESSO: 171 fundos consolidados e enriquecidos salvos.
[15:56:36] INICIANDO ROBÔ SIPII v11 - SIPII + ASSET JSON
[15:56:36] ETAPA 1 — Coletando URLs dinâmicas (12 páginas CAIXA)...
[15:56:42]   [CAIXA] renda-fixa → +34 links (34 total)
[15:56:44]   [CAIXA] referenciados → +4 links (38 total)
[15:56:46]   [CAIXA] fundo-simples → +2 links (40 total)
[15:56:48]   [CAIXA] curto-prazo → +1 links (41 total)
[15:56:51]   [CAIXA] multimercado → +19 links (60 total)
[15:56:54]   [CAIXA] cambiais → +1 links (61 total)
[15:56:56]   [CAIXA] fundos-de-acoes → +10 links (71 total)
[15:56:58]   [CAIXA] fundos-de-indices → +2 links (73 total)
[15:57:00]   [CAIXA] renda-fixa → +8 links (81 total)
[15:57:03]   [CAIXA] empresa → +5 links (86 total)
[15:57:04]   [CAIXA] fmp-fgts → HTTP 404
[15:57:07]   [CAIXA] rpps → +8 links (94 total)
[15:57:08] [CAIXA] Total URLs dinâmicas: 94
[15:57:08] ETAPA 2 — Coletando dados do SIPII...
[15:57:17] [PF] Abrindo SIPII...
[15:57:38]   [PF] RENDA FIXA SIMPLES: 3 fundos.
[15:57:54]   [PF] RENDA FIXA: 39 fundos.
[15:58:02]   [PF] RENDA FIXA REFERENCIADO: 10 fundos.
[15:58:05]   [PF] RENDA FIXA CURTO PRAZO: 1 fundos.
[15:58:19]   [PF] MULTIMERCADO: 30 fundos.
[15:58:23]   [PF] CAMBIAL: 1 fundos.
[15:58:37]   [PF] ACOES: 29 fundos.
[15:58:40]   [PF] FUNDO DE INDICE: 1 fundos.
[15:58:47]   [PF] FUNDOS MUTUOS DE PRIVATIZACAO: 9 fundos.
[15:58:47] [PJ] Abrindo SIPII...
[15:59:09]   [PJ] RENDA FIXA SIMPLES: 5 fundos.
[15:59:25]   [PJ] RENDA FIXA: 38 fundos.
[15:59:31]   [PJ] RENDA FIXA REFERENCIADO: 7 fundos.
[15:59:35]   [PJ] RENDA FIXA CURTO PRAZO: 2 fundos.
[15:59:48]   [PJ] MULTIMERCADO: 27 fundos.
[15:59:51]   [PJ] CAMBIAL: 1 fundos.
[16:00:05]   [PJ] ACOES: 28 fundos.
[16:00:05] [GOV] Abrindo SIPII...
[16:00:25]   [GOV] RENDA FIXA: 2 fundos.
[16:00:29]   [GOV] RENDA FIXA REFERENCIADO: 3 fundos.
[16:00:33]   [GOV] RENDA FIXA CURTO PRAZO: 3 fundos.
[16:00:37]   [GOV] MULTIMERCADO: 6 fundos.
[16:00:41]   [GOV] ACOES: 4 fundos.
[16:00:42] [RPPS] Abrindo SIPII...
[16:01:13]   [RPPS] RENDA FIXA: 19 fundos.
[16:01:18]   [RPPS] RENDA FIXA REFERENCIADO: 4 fundos.
[16:01:26]   [RPPS] MULTIMERCADO: 14 fundos.
[16:01:34]   [RPPS] ACOES: 14 fundos.
[16:01:34] [TODOS] Abrindo SIPII...
[16:01:53]   [TODOS] RENDA FIXA SIMPLES: 2 fundos.
[16:02:11]   [TODOS] RENDA FIXA: 42 fundos.
[16:02:17]   [TODOS] RENDA FIXA REFERENCIADO: 8 fundos.
[16:02:20]   [TODOS] RENDA FIXA CURTO PRAZO: 3 fundos.
[16:02:28]   [TODOS] MULTIMERCADO: 14 fundos.
[16:02:31]   [TODOS] CAMBIAL: 1 fundos.
[16:02:43]   [TODOS] ACOES: 25 fundos.
[16:02:47]   [TODOS] FUNDO DE INDICE: 1 fundos.
[16:02:47] ETAPA 3 — Associando URLs (estáticas + dinâmicas)...
[16:02:47]   Dicionário estático : 116 entradas
[16:02:47]   URLs encontradas    : 148/171
[16:02:47]   Sem URL             : 23/171
[16:02:47]   Fundos SEM URL:
[16:02:47]     - CAIXA FIC FIF EXCLUSIVO FUNC RF CREDITO PRIVADO LP RESP LTDA
[16:02:47]     - CAIXA EXPERT VOX DESENV SUSTENTAVEL IS RF CRED PRIV LP - RESP LTDA (2)
[16:02:47]     - CAIXA EXPERT ABSOLUTE CRETA FIC FIF RF CRED PRIV LP - RESP LTDA
[16:02:47]     - CAIXA EXPERT VINLAND DEB IN INFRA RF CRED PRIV LP RESP LTDA (2) (3)
[16:02:47]     - CAIXA SIGMA FUNCIONARIOS FIC FIF RF REF DI LP - RESP LTDA (2) (3)
[16:02:47]     - CAIXA CARTEIRA QUANT DUO FIC FIF MM LP RESP LTDA (2) (3)
[16:02:47]     - CAIXA CARTEIRA QUANT QUALI FIC FIF MM LP RESP LTDA (2) (3)
[16:02:47]     - CAIXA CARTEIRA QUANT UNO FIC FIF MM LP RESP LTDA (2) (3)
[16:02:47]     - CAIXA FIC FIF FUNCIONARIOS ESTRATEGIA LIVRE MULTIMERCADO LP RESP LTDA
[16:02:47]     - CAIXA HASHDEX NASDAQ CRYPTO INDEX FIC FIF MM RESP LTDA (2)
[16:02:47]     - CAIXA FIC FIM CAPITAL PROTEGIDO CICLICO II LP - RL
[16:02:47]     - CAIXA ATENA FIC FIF AÇÕES FUNCIONÁRIOS LIVRE QUANT RESP LTDA
[16:02:47]     - CAIXA ATENA FIC FIF AÇÕES LIVRE QUANT RESP LTDA
[16:02:47]     - CAIXA FMP-FGTS ELETROBRAS MIGRACAO
[16:02:47]     - CAIXA FMP-FGTS ELETROBRAS RESP LTDA
[16:02:47]     - CAIXA FMP-FGTS PETROBRÁS IV RESP LTDA
[16:02:47]     - CAIXA FMP-FGTS VALE RIO DOCE II RESP LTDA
[16:02:47]     - CAIXA FMP-FGTS CL ABSOLUTO RESP LTDA
[16:02:47]     - CAIXA FMP-FGTS VALE RIO DOCE MIGRAÇÃO RESP LTDA
[16:02:47]     - CAIXA FMP-FGTS PETROBRÁS II RESP LTDA
[16:02:47]     - CAIXA FMP-FGTS VALE RIO DOCE I RESP LTDA
[16:02:47]     - CAIXA FMP-FGTS PETROBRÁS III RESP LTDA
[16:02:47]     - CAIXA ATENA FIC FIF AÇÕES BRASIL LIVRE QUANT RESP LTDA
[16:02:47] ETAPA 4 — Baixando JSON da CAIXA Asset...
[16:02:52]   JSON Asset salvo: /home/runner/work/catalogo-fundos-caixa-v2/catalogo-fundos-caixa-v2/data/fundos_asset.json
[16:02:52]   Histórico JSON salvo: /home/runner/work/catalogo-fundos-caixa-v2/catalogo-fundos-caixa-v2/historico/json/fundos_asset_20260519.json
[16:02:52]   Fundos no JSON Asset: 196
[16:02:52]   Asset matches encontrados: 168/171
[16:02:52]   Asset sem match: 3/171
[16:02:52] CSV salvo: /home/runner/work/catalogo-fundos-caixa-v2/catalogo-fundos-caixa-v2/dados_atuais.csv
[16:02:52] Histórico CSV salvo: /home/runner/work/catalogo-fundos-caixa-v2/catalogo-fundos-caixa-v2/sipii_caixa_20260519.csv
[16:02:52] Excel salvo: /home/runner/work/catalogo-fundos-caixa-v2/catalogo-fundos-caixa-v2/sipii_caixa_20260519.xlsx
[16:02:52] JSON unificado salvo: /home/runner/work/catalogo-fundos-caixa-v2/catalogo-fundos-caixa-v2/data/fundos_unificado.json
[16:02:52] Histórico JSON unificado salvo: /home/runner/work/catalogo-fundos-caixa-v2/catalogo-fundos-caixa-v2/historico/json/fundos_unificado_20260519.json
[16:02:52] SUCESSO: 171 fundos consolidados e enriquecidos salvos.
[16:04:46] INICIANDO ROBÔ SIPII v11 - SIPII + ASSET JSON
[16:04:46] ETAPA 1 — Coletando URLs dinâmicas (12 páginas CAIXA)...
[16:04:47]   [CAIXA] renda-fixa → +34 links (34 total)
[16:04:49]   [CAIXA] referenciados → +4 links (38 total)
[16:04:50]   [CAIXA] fundo-simples → +2 links (40 total)
[16:04:52]   [CAIXA] curto-prazo → +1 links (41 total)
[16:04:53]   [CAIXA] multimercado → +19 links (60 total)
[16:04:55]   [CAIXA] cambiais → +1 links (61 total)
[16:04:57]   [CAIXA] fundos-de-acoes → +10 links (71 total)
[16:04:58]   [CAIXA] fundos-de-indices → +2 links (73 total)
[16:05:00]   [CAIXA] renda-fixa → +8 links (81 total)
[16:05:02]   [CAIXA] empresa → +5 links (86 total)
[16:05:03]   [CAIXA] fmp-fgts → HTTP 404
[16:05:04]   [CAIXA] rpps → +8 links (94 total)
[16:05:05] [CAIXA] Total URLs dinâmicas: 94
[16:05:05] ETAPA 2 — Coletando dados do SIPII...
[16:05:11] [PF] Abrindo SIPII...
[16:05:30]   [PF] RENDA FIXA SIMPLES: 3 fundos.
[16:05:44]   [PF] RENDA FIXA: 39 fundos.
[16:05:50]   [PF] RENDA FIXA REFERENCIADO: 10 fundos.
[16:05:53]   [PF] RENDA FIXA CURTO PRAZO: 1 fundos.
[16:06:05]   [PF] MULTIMERCADO: 30 fundos.
[16:06:08]   [PF] CAMBIAL: 1 fundos.
[16:06:19]   [PF] ACOES: 29 fundos.
[16:06:22]   [PF] FUNDO DE INDICE: 1 fundos.
[16:06:28]   [PF] FUNDOS MUTUOS DE PRIVATIZACAO: 9 fundos.
[16:06:28] [PJ] Abrindo SIPII...
[16:06:47]   [PJ] RENDA FIXA SIMPLES: 5 fundos.
[16:07:01]   [PJ] RENDA FIXA: 38 fundos.
[16:07:06]   [PJ] RENDA FIXA REFERENCIADO: 7 fundos.
[16:07:09]   [PJ] RENDA FIXA CURTO PRAZO: 2 fundos.
[16:07:20]   [PJ] MULTIMERCADO: 27 fundos.
[16:07:23]   [PJ] CAMBIAL: 1 fundos.
[16:07:34]   [PJ] ACOES: 28 fundos.
[16:07:35] [GOV] Abrindo SIPII...
[16:07:51]   [GOV] RENDA FIXA: 2 fundos.
[16:07:54]   [GOV] RENDA FIXA REFERENCIADO: 3 fundos.
[16:07:58]   [GOV] RENDA FIXA CURTO PRAZO: 3 fundos.
[16:08:02]   [GOV] MULTIMERCADO: 6 fundos.
[16:08:06]   [GOV] ACOES: 4 fundos.
[16:08:06] [RPPS] Abrindo SIPII...
[16:08:34]   [RPPS] RENDA FIXA: 19 fundos.
[16:08:38]   [RPPS] RENDA FIXA REFERENCIADO: 4 fundos.
[16:08:45]   [RPPS] MULTIMERCADO: 14 fundos.
[16:08:52]   [RPPS] ACOES: 14 fundos.
[16:08:52] [TODOS] Abrindo SIPII...
[16:09:09]   [TODOS] RENDA FIXA SIMPLES: 2 fundos.
[16:09:24]   [TODOS] RENDA FIXA: 42 fundos.
[16:09:29]   [TODOS] RENDA FIXA REFERENCIADO: 8 fundos.
[16:09:33]   [TODOS] RENDA FIXA CURTO PRAZO: 3 fundos.
[16:09:39]   [TODOS] MULTIMERCADO: 14 fundos.
[16:09:42]   [TODOS] CAMBIAL: 1 fundos.
[16:09:53]   [TODOS] ACOES: 25 fundos.
[16:09:56]   [TODOS] FUNDO DE INDICE: 1 fundos.
[16:09:56] ETAPA 3 — Associando URLs (estáticas + dinâmicas)...
[16:09:56]   Dicionário estático : 116 entradas
[16:09:56]   URLs encontradas    : 148/171
[16:09:56]   Sem URL             : 23/171
[16:09:56]   Fundos SEM URL:
[16:09:56]     - CAIXA FIC FIF EXCLUSIVO FUNC RF CREDITO PRIVADO LP RESP LTDA
[16:09:56]     - CAIXA EXPERT VOX DESENV SUSTENTAVEL IS RF CRED PRIV LP - RESP LTDA (2)
[16:09:56]     - CAIXA EXPERT ABSOLUTE CRETA FIC FIF RF CRED PRIV LP - RESP LTDA
[16:09:56]     - CAIXA EXPERT VINLAND DEB IN INFRA RF CRED PRIV LP RESP LTDA (2) (3)
[16:09:56]     - CAIXA SIGMA FUNCIONARIOS FIC FIF RF REF DI LP - RESP LTDA (2) (3)
[16:09:56]     - CAIXA CARTEIRA QUANT DUO FIC FIF MM LP RESP LTDA (2) (3)
[16:09:56]     - CAIXA CARTEIRA QUANT QUALI FIC FIF MM LP RESP LTDA (2) (3)
[16:09:56]     - CAIXA CARTEIRA QUANT UNO FIC FIF MM LP RESP LTDA (2) (3)
[16:09:56]     - CAIXA FIC FIF FUNCIONARIOS ESTRATEGIA LIVRE MULTIMERCADO LP RESP LTDA
[16:09:56]     - CAIXA HASHDEX NASDAQ CRYPTO INDEX FIC FIF MM RESP LTDA (2)
[16:09:56]     - CAIXA FIC FIM CAPITAL PROTEGIDO CICLICO II LP - RL
[16:09:56]     - CAIXA ATENA FIC FIF AÇÕES FUNCIONÁRIOS LIVRE QUANT RESP LTDA
[16:09:56]     - CAIXA ATENA FIC FIF AÇÕES LIVRE QUANT RESP LTDA
[16:09:56]     - CAIXA FMP-FGTS ELETROBRAS MIGRACAO
[16:09:56]     - CAIXA FMP-FGTS ELETROBRAS RESP LTDA
[16:09:56]     - CAIXA FMP-FGTS PETROBRÁS IV RESP LTDA
[16:09:56]     - CAIXA FMP-FGTS VALE RIO DOCE II RESP LTDA
[16:09:56]     - CAIXA FMP-FGTS CL ABSOLUTO RESP LTDA
[16:09:56]     - CAIXA FMP-FGTS VALE RIO DOCE MIGRAÇÃO RESP LTDA
[16:09:56]     - CAIXA FMP-FGTS PETROBRÁS II RESP LTDA
[16:09:56]     - CAIXA FMP-FGTS VALE RIO DOCE I RESP LTDA
[16:09:56]     - CAIXA FMP-FGTS PETROBRÁS III RESP LTDA
[16:09:56]     - CAIXA ATENA FIC FIF AÇÕES BRASIL LIVRE QUANT RESP LTDA
[16:09:56] ETAPA 4 — Baixando JSON da CAIXA Asset...
[16:09:58]   JSON Asset salvo: /home/runner/work/catalogo-fundos-caixa-v2/catalogo-fundos-caixa-v2/data/fundos_asset.json
[16:09:58]   Histórico JSON salvo: /home/runner/work/catalogo-fundos-caixa-v2/catalogo-fundos-caixa-v2/historico/json/fundos_asset_20260520.json
[16:09:58]   Fundos no JSON Asset: 196
[16:09:58]   Asset matches encontrados: 168/171
[16:09:58]   Asset sem match: 3/171
[16:09:58] CSV salvo: /home/runner/work/catalogo-fundos-caixa-v2/catalogo-fundos-caixa-v2/dados_atuais.csv
[16:09:58] Histórico CSV salvo: /home/runner/work/catalogo-fundos-caixa-v2/catalogo-fundos-caixa-v2/sipii_caixa_20260520.csv
[16:09:59] Excel salvo: /home/runner/work/catalogo-fundos-caixa-v2/catalogo-fundos-caixa-v2/sipii_caixa_20260520.xlsx
[16:09:59] JSON unificado salvo: /home/runner/work/catalogo-fundos-caixa-v2/catalogo-fundos-caixa-v2/data/fundos_unificado.json
[16:09:59] Histórico JSON unificado salvo: /home/runner/work/catalogo-fundos-caixa-v2/catalogo-fundos-caixa-v2/historico/json/fundos_unificado_20260520.json
[16:09:59] SUCESSO: 171 fundos consolidados e enriquecidos salvos.
